\BOOKMARK [0][-]{chapter.1}{\376\377\0001\000\040\000C\000l\000a\000s\000s\000\040\000I\000n\000d\000e\000x}{}% 1
\BOOKMARK [1][-]{section.1.1}{\376\377\0001\000.\0001\000\040\000C\000l\000a\000s\000s\000\040\000L\000i\000s\000t}{chapter.1}% 2
\BOOKMARK [0][-]{chapter.2}{\376\377\0002\000\040\000F\000i\000l\000e\000\040\000I\000n\000d\000e\000x}{}% 3
\BOOKMARK [1][-]{section.2.1}{\376\377\0002\000.\0001\000\040\000F\000i\000l\000e\000\040\000L\000i\000s\000t}{chapter.2}% 4
\BOOKMARK [0][-]{chapter.3}{\376\377\0003\000\040\000C\000l\000a\000s\000s\000\040\000D\000o\000c\000u\000m\000e\000n\000t\000a\000t\000i\000o\000n}{}% 5
\BOOKMARK [1][-]{section.3.1}{\376\377\0003\000.\0001\000\040\000D\000a\000t\000a\000b\000a\000s\000e\000O\000p\000s\000\040\000C\000l\000a\000s\000s\000\040\000R\000e\000f\000e\000r\000e\000n\000c\000e}{chapter.3}% 6
\BOOKMARK [2][-]{subsection.3.1.1}{\376\377\0003\000.\0001\000.\0001\000\040\000D\000e\000t\000a\000i\000l\000e\000d\000\040\000D\000e\000s\000c\000r\000i\000p\000t\000i\000o\000n}{section.3.1}% 7
\BOOKMARK [2][-]{subsection.3.1.2}{\376\377\0003\000.\0001\000.\0002\000\040\000M\000e\000m\000b\000e\000r\000\040\000F\000u\000n\000c\000t\000i\000o\000n\000\040\000D\000o\000c\000u\000m\000e\000n\000t\000a\000t\000i\000o\000n}{section.3.1}% 8
\BOOKMARK [3][-]{subsubsection.3.1.2.1}{\376\377\0003\000.\0001\000.\0002\000.\0001\000\040\000E\000x\000p\000o\000r\000t\000D\000a\000t\000a\000\050\000\051}{subsection.3.1.2}% 9
\BOOKMARK [3][-]{subsubsection.3.1.2.2}{\376\377\0003\000.\0001\000.\0002\000.\0002\000\040\000I\000m\000p\000o\000r\000t\000D\000a\000t\000a\000\050\000\051}{subsection.3.1.2}% 10
\BOOKMARK [1][-]{section.3.2}{\376\377\0003\000.\0002\000\040\000I\000n\000p\000u\000t\000L\000a\000y\000e\000r\000\040\000C\000l\000a\000s\000s\000\040\000R\000e\000f\000e\000r\000e\000n\000c\000e}{chapter.3}% 11
\BOOKMARK [2][-]{subsection.3.2.1}{\376\377\0003\000.\0002\000.\0001\000\040\000D\000e\000t\000a\000i\000l\000e\000d\000\040\000D\000e\000s\000c\000r\000i\000p\000t\000i\000o\000n}{section.3.2}% 12
\BOOKMARK [2][-]{subsection.3.2.2}{\376\377\0003\000.\0002\000.\0002\000\040\000C\000o\000n\000s\000t\000r\000u\000c\000t\000o\000r\000\040\000\046\000\040\000D\000e\000s\000t\000r\000u\000c\000t\000o\000r\000\040\000D\000o\000c\000u\000m\000e\000n\000t\000a\000t\000i\000o\000n}{section.3.2}% 13
\BOOKMARK [3][-]{subsubsection.3.2.2.1}{\376\377\0003\000.\0002\000.\0002\000.\0001\000\040\000I\000n\000p\000u\000t\000L\000a\000y\000e\000r\000\050\000\051}{subsection.3.2.2}% 14
\BOOKMARK [2][-]{subsection.3.2.3}{\376\377\0003\000.\0002\000.\0003\000\040\000M\000e\000m\000b\000e\000r\000\040\000F\000u\000n\000c\000t\000i\000o\000n\000\040\000D\000o\000c\000u\000m\000e\000n\000t\000a\000t\000i\000o\000n}{section.3.2}% 15
\BOOKMARK [3][-]{subsubsection.3.2.3.1}{\376\377\0003\000.\0002\000.\0003\000.\0001\000\040\000A\000d\000d\000T\000r\000a\000i\000n\000\050\000\051}{subsection.3.2.3}% 16
\BOOKMARK [3][-]{subsubsection.3.2.3.2}{\376\377\0003\000.\0002\000.\0003\000.\0002\000\040\000A\000p\000p\000l\000y\000A\000l\000p\000h\000a\000s\000\050\000\051}{subsection.3.2.3}% 17
\BOOKMARK [3][-]{subsubsection.3.2.3.3}{\376\377\0003\000.\0002\000.\0003\000.\0003\000\040\000R\000e\000s\000e\000t\000T\000r\000a\000i\000n\000s\000\050\000\051}{subsection.3.2.3}% 18
\BOOKMARK [3][-]{subsubsection.3.2.3.4}{\376\377\0003\000.\0002\000.\0003\000.\0004\000\040\000U\000p\000d\000a\000t\000e\000A\000l\000p\000h\000a\000s\000\050\000\051}{subsection.3.2.3}% 19
\BOOKMARK [2][-]{subsection.3.2.4}{\376\377\0003\000.\0002\000.\0004\000\040\000M\000e\000m\000b\000e\000r\000\040\000D\000a\000t\000a\000\040\000D\000o\000c\000u\000m\000e\000n\000t\000a\000t\000i\000o\000n}{section.3.2}% 20
\BOOKMARK [3][-]{subsubsection.3.2.4.1}{\376\377\0003\000.\0002\000.\0004\000.\0001\000\040\000b\000a\000s\000i\000s}{subsection.3.2.4}% 21
\BOOKMARK [3][-]{subsubsection.3.2.4.2}{\376\377\0003\000.\0002\000.\0004\000.\0002\000\040\000i\000n\000d\000e\000x}{subsection.3.2.4}% 22
\BOOKMARK [3][-]{subsubsection.3.2.4.3}{\376\377\0003\000.\0002\000.\0004\000.\0003\000\040\000t\000r\000a\000i\000n\000s}{subsection.3.2.4}% 23
\BOOKMARK [3][-]{subsubsection.3.2.4.4}{\376\377\0003\000.\0002\000.\0004\000.\0004\000\040\000w}{subsection.3.2.4}% 24
\BOOKMARK [1][-]{section.3.3}{\376\377\0003\000.\0003\000\040\000M\000a\000t\000r\000i\000x\000O\000p\000s\000\040\000C\000l\000a\000s\000s\000\040\000R\000e\000f\000e\000r\000e\000n\000c\000e}{chapter.3}% 25
\BOOKMARK [2][-]{subsection.3.3.1}{\376\377\0003\000.\0003\000.\0001\000\040\000D\000e\000t\000a\000i\000l\000e\000d\000\040\000D\000e\000s\000c\000r\000i\000p\000t\000i\000o\000n}{section.3.3}% 26
\BOOKMARK [2][-]{subsection.3.3.2}{\376\377\0003\000.\0003\000.\0002\000\040\000M\000e\000m\000b\000e\000r\000\040\000F\000u\000n\000c\000t\000i\000o\000n\000\040\000D\000o\000c\000u\000m\000e\000n\000t\000a\000t\000i\000o\000n}{section.3.3}% 27
\BOOKMARK [3][-]{subsubsection.3.3.2.1}{\376\377\0003\000.\0003\000.\0002\000.\0001\000\040\000C\000o\000n\000v\000\050\000\051}{subsection.3.3.2}% 28
\BOOKMARK [3][-]{subsubsection.3.3.2.2}{\376\377\0003\000.\0003\000.\0002\000.\0002\000\040\000D\000o\000t\000\050\000\051}{subsection.3.3.2}% 29
\BOOKMARK [3][-]{subsubsection.3.3.2.3}{\376\377\0003\000.\0003\000.\0002\000.\0003\000\040\000M\000u\000l\000t\000i\000p\000l\000y\000\050\000\051}{subsection.3.3.2}% 30
\BOOKMARK [3][-]{subsubsection.3.3.2.4}{\376\377\0003\000.\0003\000.\0002\000.\0004\000\040\000S\000u\000m\000\050\000\051}{subsection.3.3.2}% 31
\BOOKMARK [3][-]{subsubsection.3.3.2.5}{\376\377\0003\000.\0003\000.\0002\000.\0005\000\040\000S\000u\000m\000A\000r\000r\000a\000y\000s\000\050\000\051}{subsection.3.3.2}% 32
\BOOKMARK [3][-]{subsubsection.3.3.2.6}{\376\377\0003\000.\0003\000.\0002\000.\0006\000\040\000S\000u\000m\000C\000o\000l\000u\000m\000n\000s\000\050\000\051}{subsection.3.3.2}% 33
\BOOKMARK [3][-]{subsubsection.3.3.2.7}{\376\377\0003\000.\0003\000.\0002\000.\0007\000\040\000T\000r\000a\000n\000s\000p\000o\000s\000e\000\050\000\051}{subsection.3.3.2}% 34
\BOOKMARK [1][-]{section.3.4}{\376\377\0003\000.\0004\000\040\000N\000e\000t\000w\000o\000r\000k\000\040\000C\000l\000a\000s\000s\000\040\000R\000e\000f\000e\000r\000e\000n\000c\000e}{chapter.3}% 35
\BOOKMARK [2][-]{subsection.3.4.1}{\376\377\0003\000.\0004\000.\0001\000\040\000D\000e\000t\000a\000i\000l\000e\000d\000\040\000D\000e\000s\000c\000r\000i\000p\000t\000i\000o\000n}{section.3.4}% 36
\BOOKMARK [2][-]{subsection.3.4.2}{\376\377\0003\000.\0004\000.\0002\000\040\000C\000o\000n\000s\000t\000r\000u\000c\000t\000o\000r\000\040\000\046\000\040\000D\000e\000s\000t\000r\000u\000c\000t\000o\000r\000\040\000D\000o\000c\000u\000m\000e\000n\000t\000a\000t\000i\000o\000n}{section.3.4}% 37
\BOOKMARK [3][-]{subsubsection.3.4.2.1}{\376\377\0003\000.\0004\000.\0002\000.\0001\000\040\000N\000e\000t\000w\000o\000r\000k\000\050\000\051}{subsection.3.4.2}% 38
\BOOKMARK [2][-]{subsection.3.4.3}{\376\377\0003\000.\0004\000.\0003\000\040\000M\000e\000m\000b\000e\000r\000\040\000F\000u\000n\000c\000t\000i\000o\000n\000\040\000D\000o\000c\000u\000m\000e\000n\000t\000a\000t\000i\000o\000n}{section.3.4}% 39
\BOOKMARK [3][-]{subsubsection.3.4.3.1}{\376\377\0003\000.\0004\000.\0003\000.\0001\000\040\000C\000r\000o\000s\000s\000V\000a\000l\000i\000d\000a\000t\000e\000\050\000\051}{subsection.3.4.3}% 40
\BOOKMARK [3][-]{subsubsection.3.4.3.2}{\376\377\0003\000.\0004\000.\0003\000.\0002\000\040\000E\000x\000p\000o\000r\000t\000D\000a\000t\000a\000\050\000\051}{subsection.3.4.3}% 41
\BOOKMARK [3][-]{subsubsection.3.4.3.3}{\376\377\0003\000.\0004\000.\0003\000.\0003\000\040\000I\000m\000p\000o\000r\000t\000D\000a\000t\000a\000\050\000\051}{subsection.3.4.3}% 42
\BOOKMARK [3][-]{subsubsection.3.4.3.4}{\376\377\0003\000.\0004\000.\0003\000.\0004\000\040\000R\000e\000s\000e\000t\000N\000e\000t\000w\000o\000r\000k\000\050\000\051}{subsection.3.4.3}% 43
\BOOKMARK [3][-]{subsubsection.3.4.3.5}{\376\377\0003\000.\0004\000.\0003\000.\0005\000\040\000R\000u\000n\000\050\000\051}{subsection.3.4.3}% 44
\BOOKMARK [3][-]{subsubsection.3.4.3.6}{\376\377\0003\000.\0004\000.\0003\000.\0006\000\040\000T\000r\000a\000i\000n\000\050\000\051}{subsection.3.4.3}% 45
\BOOKMARK [3][-]{subsubsection.3.4.3.7}{\376\377\0003\000.\0004\000.\0003\000.\0007\000\040\000V\000a\000l\000i\000d\000a\000t\000e\000\050\000\051}{subsection.3.4.3}% 46
\BOOKMARK [3][-]{subsubsection.3.4.3.8}{\376\377\0003\000.\0004\000.\0003\000.\0008\000\040\000V\000a\000l\000i\000d\000a\000t\000e\000D\000a\000t\000a\000s\000e\000t\000\050\000\051}{subsection.3.4.3}% 47
\BOOKMARK [2][-]{subsection.3.4.4}{\376\377\0003\000.\0004\000.\0004\000\040\000M\000e\000m\000b\000e\000r\000\040\000D\000a\000t\000a\000\040\000D\000o\000c\000u\000m\000e\000n\000t\000a\000t\000i\000o\000n}{section.3.4}% 48
\BOOKMARK [3][-]{subsubsection.3.4.4.1}{\376\377\0003\000.\0004\000.\0004\000.\0001\000\040\000i\000n\000p\000u\000t\000L\000a\000y\000e\000r}{subsection.3.4.4}% 49
\BOOKMARK [3][-]{subsubsection.3.4.4.2}{\376\377\0003\000.\0004\000.\0004\000.\0002\000\040\000o\000u\000t\000p\000u\000t\000L\000a\000y\000e\000r}{subsection.3.4.4}% 50
\BOOKMARK [1][-]{section.3.5}{\376\377\0003\000.\0005\000\040\000O\000u\000t\000p\000u\000t\000L\000a\000y\000e\000r\000\040\000C\000l\000a\000s\000s\000\040\000R\000e\000f\000e\000r\000e\000n\000c\000e}{chapter.3}% 51
\BOOKMARK [2][-]{subsection.3.5.1}{\376\377\0003\000.\0005\000.\0001\000\040\000D\000e\000t\000a\000i\000l\000e\000d\000\040\000D\000e\000s\000c\000r\000i\000p\000t\000i\000o\000n}{section.3.5}% 52
\BOOKMARK [2][-]{subsection.3.5.2}{\376\377\0003\000.\0005\000.\0002\000\040\000C\000o\000n\000s\000t\000r\000u\000c\000t\000o\000r\000\040\000\046\000\040\000D\000e\000s\000t\000r\000u\000c\000t\000o\000r\000\040\000D\000o\000c\000u\000m\000e\000n\000t\000a\000t\000i\000o\000n}{section.3.5}% 53
\BOOKMARK [3][-]{subsubsection.3.5.2.1}{\376\377\0003\000.\0005\000.\0002\000.\0001\000\040\000O\000u\000t\000p\000u\000t\000L\000a\000y\000e\000r\000\050\000\051}{subsection.3.5.2}% 54
\BOOKMARK [2][-]{subsection.3.5.3}{\376\377\0003\000.\0005\000.\0003\000\040\000M\000e\000m\000b\000e\000r\000\040\000F\000u\000n\000c\000t\000i\000o\000n\000\040\000D\000o\000c\000u\000m\000e\000n\000t\000a\000t\000i\000o\000n}{section.3.5}% 55
\BOOKMARK [3][-]{subsubsection.3.5.3.1}{\376\377\0003\000.\0005\000.\0003\000.\0001\000\040\000C\000o\000m\000p\000u\000t\000e\000E\000r\000r\000o\000r\000s\000\050\000\051}{subsection.3.5.3}% 56
\BOOKMARK [3][-]{subsubsection.3.5.3.2}{\376\377\0003\000.\0005\000.\0003\000.\0002\000\040\000C\000o\000m\000p\000u\000t\000e\000O\000u\000t\000p\000u\000t\000\050\000\051}{subsection.3.5.3}% 57
\BOOKMARK [3][-]{subsubsection.3.5.3.3}{\376\377\0003\000.\0005\000.\0003\000.\0003\000\040\000C\000o\000m\000p\000u\000t\000e\000W\000i\000n\000n\000e\000r\000\050\000\051}{subsection.3.5.3}% 58
\BOOKMARK [3][-]{subsubsection.3.5.3.4}{\376\377\0003\000.\0005\000.\0003\000.\0004\000\040\000R\000e\000s\000e\000t\000\050\000\051}{subsection.3.5.3}% 59
\BOOKMARK [3][-]{subsubsection.3.5.3.5}{\376\377\0003\000.\0005\000.\0003\000.\0005\000\040\000U\000p\000d\000a\000t\000e\000B\000e\000t\000a\000s\000\050\000\051}{subsection.3.5.3}% 60
\BOOKMARK [3][-]{subsubsection.3.5.3.6}{\376\377\0003\000.\0005\000.\0003\000.\0006\000\040\000U\000p\000d\000a\000t\000e\000G\000a\000m\000m\000a\000s\000\050\000\051}{subsection.3.5.3}% 61
\BOOKMARK [2][-]{subsection.3.5.4}{\376\377\0003\000.\0005\000.\0004\000\040\000M\000e\000m\000b\000e\000r\000\040\000D\000a\000t\000a\000\040\000D\000o\000c\000u\000m\000e\000n\000t\000a\000t\000i\000o\000n}{section.3.5}% 62
\BOOKMARK [3][-]{subsubsection.3.5.4.1}{\376\377\0003\000.\0005\000.\0004\000.\0001\000\040\000b\000a\000s\000i\000s}{subsection.3.5.4}% 63
\BOOKMARK [3][-]{subsubsection.3.5.4.2}{\376\377\0003\000.\0005\000.\0004\000.\0002\000\040\000g\000a\000m\000m\000a\000s}{subsection.3.5.4}% 64
\BOOKMARK [3][-]{subsubsection.3.5.4.3}{\376\377\0003\000.\0005\000.\0004\000.\0003\000\040\000u}{subsection.3.5.4}% 65
\BOOKMARK [3][-]{subsubsection.3.5.4.4}{\376\377\0003\000.\0005\000.\0004\000.\0004\000\040\000v}{subsection.3.5.4}% 66
\BOOKMARK [3][-]{subsubsection.3.5.4.5}{\376\377\0003\000.\0005\000.\0004\000.\0005\000\040\000y}{subsection.3.5.4}% 67
\BOOKMARK [1][-]{section.3.6}{\376\377\0003\000.\0006\000\040\000T\000r\000a\000i\000n\000i\000n\000g\000P\000o\000o\000l\000\040\000C\000l\000a\000s\000s\000\040\000R\000e\000f\000e\000r\000e\000n\000c\000e}{chapter.3}% 68
\BOOKMARK [2][-]{subsection.3.6.1}{\376\377\0003\000.\0006\000.\0001\000\040\000D\000e\000t\000a\000i\000l\000e\000d\000\040\000D\000e\000s\000c\000r\000i\000p\000t\000i\000o\000n}{section.3.6}% 69
\BOOKMARK [2][-]{subsection.3.6.2}{\376\377\0003\000.\0006\000.\0002\000\040\000M\000e\000m\000b\000e\000r\000\040\000F\000u\000n\000c\000t\000i\000o\000n\000\040\000D\000o\000c\000u\000m\000e\000n\000t\000a\000t\000i\000o\000n}{section.3.6}% 70
\BOOKMARK [3][-]{subsubsection.3.6.2.1}{\376\377\0003\000.\0006\000.\0002\000.\0001\000\040\000I\000n\000i\000t\000T\000r\000a\000i\000n\000i\000n\000g\000\050\000\051}{subsection.3.6.2}% 71
\BOOKMARK [3][-]{subsubsection.3.6.2.2}{\376\377\0003\000.\0006\000.\0002\000.\0002\000\040\000J\000o\000i\000n\000\050\000\051}{subsection.3.6.2}% 72
\BOOKMARK [3][-]{subsubsection.3.6.2.3}{\376\377\0003\000.\0006\000.\0002\000.\0003\000\040\000T\000r\000a\000i\000n\000A\000s\000y\000n\000c\000\050\000\051}{subsection.3.6.2}% 73
\BOOKMARK [2][-]{subsection.3.6.3}{\376\377\0003\000.\0006\000.\0003\000\040\000M\000e\000m\000b\000e\000r\000\040\000D\000a\000t\000a\000\040\000D\000o\000c\000u\000m\000e\000n\000t\000a\000t\000i\000o\000n}{section.3.6}% 74
\BOOKMARK [3][-]{subsubsection.3.6.3.1}{\376\377\0003\000.\0006\000.\0003\000.\0001\000\040\000r\000u\000n\000n\000i\000n\000g\000I\000n\000s\000t\000a\000n\000c\000e\000s}{subsection.3.6.3}% 75
\BOOKMARK [1][-]{section.3.7}{\376\377\0003\000.\0007\000\040\000U\000t\000i\000l\000s\000\040\000C\000l\000a\000s\000s\000\040\000R\000e\000f\000e\000r\000e\000n\000c\000e}{chapter.3}% 76
\BOOKMARK [2][-]{subsection.3.7.1}{\376\377\0003\000.\0007\000.\0001\000\040\000D\000e\000t\000a\000i\000l\000e\000d\000\040\000D\000e\000s\000c\000r\000i\000p\000t\000i\000o\000n}{section.3.7}% 77
\BOOKMARK [2][-]{subsection.3.7.2}{\376\377\0003\000.\0007\000.\0002\000\040\000M\000e\000m\000b\000e\000r\000\040\000F\000u\000n\000c\000t\000i\000o\000n\000\040\000D\000o\000c\000u\000m\000e\000n\000t\000a\000t\000i\000o\000n}{section.3.7}% 78
\BOOKMARK [3][-]{subsubsection.3.7.2.1}{\376\377\0003\000.\0007\000.\0002\000.\0001\000\040\000G\000e\000n\000e\000r\000a\000t\000e\000A\000l\000p\000h\000a\000B\000a\000s\000i\000s\000\050\000\051}{subsection.3.7.2}% 79
\BOOKMARK [3][-]{subsubsection.3.7.2.2}{\376\377\0003\000.\0007\000.\0002\000.\0002\000\040\000G\000e\000n\000e\000r\000a\000t\000e\000B\000e\000t\000a\000B\000a\000s\000i\000s\000\050\000\051}{subsection.3.7.2}% 80
\BOOKMARK [3][-]{subsubsection.3.7.2.3}{\376\377\0003\000.\0007\000.\0002\000.\0003\000\040\000G\000e\000n\000e\000r\000a\000t\000e\000S\000p\000i\000k\000e\000s\000\050\000\051}{subsection.3.7.2}% 81
\BOOKMARK [3][-]{subsubsection.3.7.2.4}{\376\377\0003\000.\0007\000.\0002\000.\0004\000\040\000G\000e\000t\000T\000e\000s\000t\000D\000a\000t\000a\000\050\000\051}{subsection.3.7.2}% 82
\BOOKMARK [3][-]{subsubsection.3.7.2.5}{\376\377\0003\000.\0007\000.\0002\000.\0005\000\040\000G\000e\000t\000T\000r\000a\000i\000n\000i\000n\000g\000D\000a\000t\000a\000\050\000\051}{subsection.3.7.2}% 83
\BOOKMARK [3][-]{subsubsection.3.7.2.6}{\376\377\0003\000.\0007\000.\0002\000.\0006\000\040\000P\000r\000i\000n\000t\000L\000i\000n\000e\000\050\000\051}{subsection.3.7.2}% 84
\BOOKMARK [3][-]{subsubsection.3.7.2.7}{\376\377\0003\000.\0007\000.\0002\000.\0007\000\040\000R\000a\000t\000e\000E\000n\000c\000o\000d\000e\000\050\000\051}{subsection.3.7.2}% 85
\BOOKMARK [0][-]{chapter.4}{\376\377\0004\000\040\000F\000i\000l\000e\000\040\000D\000o\000c\000u\000m\000e\000n\000t\000a\000t\000i\000o\000n}{}% 86
\BOOKMARK [1][-]{section.4.1}{\376\377\0004\000.\0001\000\040\000C\000o\000n\000s\000t\000a\000n\000t\000s\000.\000h\000\040\000F\000i\000l\000e\000\040\000R\000e\000f\000e\000r\000e\000n\000c\000e}{chapter.4}% 87
\BOOKMARK [2][-]{subsection.4.1.1}{\376\377\0004\000.\0001\000.\0001\000\040\000V\000a\000r\000i\000a\000b\000l\000e\000\040\000D\000o\000c\000u\000m\000e\000n\000t\000a\000t\000i\000o\000n}{section.4.1}% 88
\BOOKMARK [3][-]{subsubsection.4.1.1.1}{\376\377\0004\000.\0001\000.\0001\000.\0001\000\040\000C\000L\000A\000S\000S\000E\000S}{subsection.4.1.1}% 89
\BOOKMARK [3][-]{subsubsection.4.1.1.2}{\376\377\0004\000.\0001\000.\0001\000.\0002\000\040\000K\000a}{subsection.4.1.1}% 90
\BOOKMARK [3][-]{subsubsection.4.1.1.3}{\376\377\0004\000.\0001\000.\0001\000.\0003\000\040\000K\000b}{subsection.4.1.1}% 91
\BOOKMARK [3][-]{subsubsection.4.1.1.4}{\376\377\0004\000.\0001\000.\0001\000.\0004\000\040\000L\000E\000A\000R\000N\000I\000N\000G\000\137\000R\000A\000T\000E}{subsection.4.1.1}% 92
\BOOKMARK [3][-]{subsubsection.4.1.1.5}{\376\377\0004\000.\0001\000.\0001\000.\0005\000\040\000N\000E\000U\000R\000O\000N\000S\000\137\000I\000N}{subsection.4.1.1}% 93
\BOOKMARK [3][-]{subsubsection.4.1.1.6}{\376\377\0004\000.\0001\000.\0001\000.\0006\000\040\000P\000\137\000R\000A\000N\000G\000E}{subsection.4.1.1}% 94
\BOOKMARK [3][-]{subsubsection.4.1.1.7}{\376\377\0004\000.\0001\000.\0001\000.\0007\000\040\000T}{subsection.4.1.1}% 95
\BOOKMARK [3][-]{subsubsection.4.1.1.8}{\376\377\0004\000.\0001\000.\0001\000.\0008\000\040\000T\000E\000S\000T\000\137\000I\000M\000A\000G\000E\000S\000\137\000P\000A\000T\000H}{subsection.4.1.1}% 96
\BOOKMARK [3][-]{subsubsection.4.1.1.9}{\376\377\0004\000.\0001\000.\0001\000.\0009\000\040\000T\000E\000S\000T\000\137\000L\000A\000B\000E\000L\000S\000\137\000P\000A\000T\000H}{subsection.4.1.1}% 97
\BOOKMARK [3][-]{subsubsection.4.1.1.10}{\376\377\0004\000.\0001\000.\0001\000.\0001\0000\000\040\000T\000R\000A\000I\000N\000\137\000I\000M\000A\000G\000E\000S\000\137\000P\000A\000T\000H}{subsection.4.1.1}% 98
\BOOKMARK [3][-]{subsubsection.4.1.1.11}{\376\377\0004\000.\0001\000.\0001\000.\0001\0001\000\040\000T\000R\000A\000I\000N\000\137\000L\000A\000B\000E\000L\000S\000\137\000P\000A\000T\000H}{subsection.4.1.1}% 99
\BOOKMARK [3][-]{subsubsection.4.1.1.12}{\376\377\0004\000.\0001\000.\0001\000.\0001\0002\000\040\000T\000Y\000I}{subsection.4.1.1}% 100
\BOOKMARK [3][-]{subsubsection.4.1.1.13}{\376\377\0004\000.\0001\000.\0001\000.\0001\0003\000\040\000T\000Y\000O}{subsection.4.1.1}% 101
\BOOKMARK [1][-]{section.4.2}{\376\377\0004\000.\0002\000\040\000S\000N\000N\000.\000c\000p\000p\000\040\000F\000i\000l\000e\000\040\000R\000e\000f\000e\000r\000e\000n\000c\000e}{chapter.4}% 102
\BOOKMARK [2][-]{subsection.4.2.1}{\376\377\0004\000.\0002\000.\0001\000\040\000F\000u\000n\000c\000t\000i\000o\000n\000\040\000D\000o\000c\000u\000m\000e\000n\000t\000a\000t\000i\000o\000n}{section.4.2}% 103
\BOOKMARK [3][-]{subsubsection.4.2.1.1}{\376\377\0004\000.\0002\000.\0001\000.\0001\000\040\000m\000a\000i\000n\000\050\000\051}{subsection.4.2.1}% 104
\BOOKMARK [0][-]{section*.19}{\376\377\000I\000n\000d\000e\000x}{}% 105
